<?xml version="1.0" encoding="UTF-8"?>
<!-- Generated by org.testng.reporters.JUnitReportReporter -->
<testsuite hostname="EMAD" failures="0" tests="1" name="test.Logintest" time="66.434" errors="0" timestamp="2023-01-28T22:26:21 BDT" skipped="0">
  <testcase classname="test.Logintest" name="run" time="66.434"/>
  <system-out/>
</testsuite> <!-- test.Logintest -->
