<?xml version="1.0" encoding="UTF-8"?>
<!-- Generated by org.testng.reporters.JUnitReportReporter -->
<testsuite hostname="EMAD" failures="0" tests="1" name="test.Home_test" time="23.374" errors="0" timestamp="2023-01-30T22:20:58 BDT" skipped="0">
  <testcase classname="test.Home_test" name="homePageTest" time="23.374"/>
  <system-out/>
</testsuite> <!-- test.Home_test -->
